[21-Feb-2020 16:54:44 Asia/Taipei] PHP Fatal error:  Allowed memory size of 134217728 bytes exhausted (tried to allocate 98582528 bytes) in /web/storage/framework/views/17d199d630d0edd700cf732a9ef19711568387d1.php on line 37
[21-Feb-2020 16:54:45 Asia/Taipei] PHP Fatal error:  Allowed memory size of 134217728 bytes exhausted (tried to allocate 98705408 bytes) in /web/vendor/symfony/http-foundation/Response.php on line 363
[21-Feb-2020 16:54:45 Asia/Taipei] PHP Fatal error:  Allowed memory size of 134217728 bytes exhausted (tried to allocate 98570240 bytes) in Unknown on line 0
[21-Feb-2020 16:55:11 Asia/Taipei] PHP Fatal error:  Allowed memory size of 134217728 bytes exhausted (tried to allocate 98582528 bytes) in /web/storage/framework/views/17d199d630d0edd700cf732a9ef19711568387d1.php on line 37
[21-Feb-2020 16:55:12 Asia/Taipei] PHP Fatal error:  Allowed memory size of 134217728 bytes exhausted (tried to allocate 98705408 bytes) in /web/vendor/symfony/http-foundation/Response.php on line 363
[21-Feb-2020 16:55:12 Asia/Taipei] PHP Fatal error:  Allowed memory size of 134217728 bytes exhausted (tried to allocate 98570240 bytes) in Unknown on line 0
[21-Feb-2020 16:57:40 Asia/Taipei] PHP Fatal error:  Allowed memory size of 134217728 bytes exhausted (tried to allocate 98582528 bytes) in /web/storage/framework/views/17d199d630d0edd700cf732a9ef19711568387d1.php on line 35
[21-Feb-2020 16:57:41 Asia/Taipei] PHP Fatal error:  Allowed memory size of 134217728 bytes exhausted (tried to allocate 98705408 bytes) in /web/vendor/symfony/http-foundation/Response.php on line 363
[21-Feb-2020 16:57:41 Asia/Taipei] PHP Fatal error:  Allowed memory size of 134217728 bytes exhausted (tried to allocate 98570240 bytes) in Unknown on line 0
[30-Mar-2020 16:38:50 Asia/Taipei] PHP Warning:  unlink(/web/storage/logs/laravel-2020-03-04.log): No such file or directory in /web/vendor/monolog/monolog/src/Monolog/Handler/RotatingFileHandler.php on line 155
[19-May-2020 17:41:56 Asia/Taipei] PHP Fatal error:  Cannot use [] for reading in /web/storage/framework/views/555b527052b240ae10a53e1b7bdcb0b27ea92cd5.php on line 4
[02-Jun-2020 14:43:31 Asia/Taipei] PHP Fatal error:  Cannot redeclare nulltostr() (previously declared in /web/storage/framework/views/51db5c40b5abe8f0923f51eac0420172be23569a.php:106) in /web/storage/framework/views/75745a10817296739615f8f28a8f5191fd5ba9a1.php on line 264
[10-Jul-2020 11:41:23 Asia/Taipei] PHP Warning:  Missing boundary in multipart/form-data POST data in Unknown on line 0
[10-Jul-2020 11:41:51 Asia/Taipei] PHP Warning:  Missing boundary in multipart/form-data POST data in Unknown on line 0
[10-Jul-2020 11:42:31 Asia/Taipei] PHP Warning:  Missing boundary in multipart/form-data POST data in Unknown on line 0
[10-Jul-2020 11:43:44 Asia/Taipei] PHP Warning:  Missing boundary in multipart/form-data POST data in Unknown on line 0
[10-Jul-2020 11:45:00 Asia/Taipei] PHP Warning:  Missing boundary in multipart/form-data POST data in Unknown on line 0
[10-Jul-2020 11:45:40 Asia/Taipei] PHP Warning:  Missing boundary in multipart/form-data POST data in Unknown on line 0
[10-Jul-2020 13:25:49 Asia/Taipei] PHP Warning:  Missing boundary in multipart/form-data POST data in Unknown on line 0
[08-Sep-2020 17:26:53 Asia/Taipei] PHP Warning:  POST Content-Length of 9966362 bytes exceeds the limit of 8388608 bytes in Unknown on line 0
